c:\users\administrator\desktop\modfication-attack\decrypter\x64\debug\decrypter.pch
c:\users\administrator\desktop\modfication-attack\decrypter\x64\debug\vc140.pdb
c:\users\administrator\desktop\modfication-attack\decrypter\x64\debug\stdafx.obj
c:\users\administrator\desktop\modfication-attack\decrypter\x64\debug\assemblyinfo.obj
c:\users\administrator\desktop\modfication-attack\decrypter\x64\debug\.netframework,version=v4.5.2.assemblyattributes.obj
c:\users\administrator\desktop\modfication-attack\decrypter\x64\debug\.netframework,version=v4.5.2.assemblyattributes.asm
c:\users\administrator\desktop\modfication-attack\decrypter\x64\debug\decrypter.obj
c:\users\administrator\desktop\modfication-attack\decrypter\x64\debug\app.res
c:\users\administrator\desktop\modfication-attack\decrypter\x64\debug\decrypter.vcxprojresolveassemblyreference.cache
c:\users\administrator\desktop\modfication-attack\x64\debug\decrypter.pdb
c:\users\administrator\desktop\modfication-attack\decrypter\x64\debug\decrypter.tlog\cl.command.1.tlog
c:\users\administrator\desktop\modfication-attack\decrypter\x64\debug\decrypter.tlog\cl.read.1.tlog
c:\users\administrator\desktop\modfication-attack\decrypter\x64\debug\decrypter.tlog\cl.write.1.tlog
c:\users\administrator\desktop\modfication-attack\decrypter\x64\debug\decrypter.tlog\link.2220.4840-cvtres.read.1.tlog
c:\users\administrator\desktop\modfication-attack\decrypter\x64\debug\decrypter.tlog\link.2220.4840-cvtres.write.1.tlog
c:\users\administrator\desktop\modfication-attack\decrypter\x64\debug\decrypter.tlog\link.2220.4840-rc.read.1.tlog
c:\users\administrator\desktop\modfication-attack\decrypter\x64\debug\decrypter.tlog\link.2220.4840-rc.write.1.tlog
c:\users\administrator\desktop\modfication-attack\decrypter\x64\debug\decrypter.tlog\link.2220.4840.read.1.tlog
c:\users\administrator\desktop\modfication-attack\decrypter\x64\debug\decrypter.tlog\link.2220.4840.write.1.tlog
c:\users\administrator\desktop\modfication-attack\decrypter\x64\debug\decrypter.tlog\link.2220.read.1.tlog
c:\users\administrator\desktop\modfication-attack\decrypter\x64\debug\decrypter.tlog\link.2220.write.1.tlog
c:\users\administrator\desktop\modfication-attack\decrypter\x64\debug\decrypter.tlog\link.2716.2060-cvtres.read.1.tlog
c:\users\administrator\desktop\modfication-attack\decrypter\x64\debug\decrypter.tlog\link.2716.2060-cvtres.write.1.tlog
c:\users\administrator\desktop\modfication-attack\decrypter\x64\debug\decrypter.tlog\link.2716.2060-rc.read.1.tlog
c:\users\administrator\desktop\modfication-attack\decrypter\x64\debug\decrypter.tlog\link.2716.2060-rc.write.1.tlog
c:\users\administrator\desktop\modfication-attack\decrypter\x64\debug\decrypter.tlog\link.2716.2060.read.1.tlog
c:\users\administrator\desktop\modfication-attack\decrypter\x64\debug\decrypter.tlog\link.2716.2060.write.1.tlog
c:\users\administrator\desktop\modfication-attack\decrypter\x64\debug\decrypter.tlog\link.2716.read.1.tlog
c:\users\administrator\desktop\modfication-attack\decrypter\x64\debug\decrypter.tlog\link.2716.write.1.tlog
c:\users\administrator\desktop\modfication-attack\decrypter\x64\debug\decrypter.tlog\link.command.1.tlog
c:\users\administrator\desktop\modfication-attack\decrypter\x64\debug\decrypter.tlog\link.read.1.tlog
c:\users\administrator\desktop\modfication-attack\decrypter\x64\debug\decrypter.tlog\link.write.1.tlog
c:\users\administrator\desktop\modfication-attack\decrypter\x64\debug\decrypter.tlog\metagen.read.1.tlog
c:\users\administrator\desktop\modfication-attack\decrypter\x64\debug\decrypter.tlog\metagen.write.1.tlog
c:\users\administrator\desktop\modfication-attack\decrypter\x64\debug\decrypter.tlog\rc.command.1.tlog
c:\users\administrator\desktop\modfication-attack\decrypter\x64\debug\decrypter.tlog\rc.read.1.tlog
c:\users\administrator\desktop\modfication-attack\decrypter\x64\debug\decrypter.tlog\rc.write.1.tlog
c:\users\administrator\desktop\modfication-attack\decrypter\x64\debug\decrypter.tlog\rsaenh.dll.bi
c:\users\administrator\desktop\modfication-attack\decrypter\x64\debug\decrypter.tlog\tzres.dll.bi
