  stdafx.cpp
  AssemblyInfo.cpp
  decrypter.cpp
decrypter.cpp(237): warning C4244: '=': conversion from 'std::streamoff' to 'int', possible loss of data
decrypter.cpp(270): warning C4244: '=': conversion from 'std::streamoff' to 'int', possible loss of data
  Generating Code...
  .NETFramework,Version=v4.5.2.AssemblyAttributes.cpp
  AssemblyInfo.obj : /DEBUG:FASTLINK is not supported when managed code is present; restarting link with /DEBUG:FULL
LINK : warning LNK4199: /DELAYLOAD:Msipc.dll ignored; no imports found from Msipc.dll
decrypter.obj : error LNK2028: unresolved token (0A00019D) "extern "C" long __cdecl IpcInitialize(void)" (?IpcInitialize@@$$J0YAJXZ) referenced in function "int __cdecl main(void)" (?main@@$$HYAHXZ)
decrypter.obj : error LNK2028: unresolved token (0A0001A3) "extern "C" void __cdecl IpcFreeMemory(void *)" (?IpcFreeMemory@@$$J0YAXPEAX@Z) referenced in function __catch$?readDecryptedContent@@$$FYMXPE$AAVStream@IO@System@@@Z$0
decrypter.obj : error LNK2028: unresolved token (0A0001A7) "extern "C" long __cdecl IpcEncrypt(struct IPC_KEY_HANDLE__ *,unsigned long,int,unsigned char *,unsigned long,unsigned char *,unsigned long,unsigned long *)" (?IpcEncrypt@@$$J0YAJPEAUIPC_KEY_HANDLE__@@KHPEAEK1KPEAK@Z) referenced in function "void __clrcall readDecryptedContent(class System::IO::Stream ^)" (?readDecryptedContent@@$$FYMXPE$AAVStream@IO@System@@@Z)
decrypter.obj : error LNK2028: unresolved token (0A0001B0) "extern "C" long __cdecl IpcGetKeyProperty(struct IPC_KEY_HANDLE__ *,unsigned long,void *,void * *)" (?IpcGetKeyProperty@@$$J0YAJPEAUIPC_KEY_HANDLE__@@KPEAXPEAPEAX@Z) referenced in function "void __clrcall readDecryptedContent(class System::IO::Stream ^)" (?readDecryptedContent@@$$FYMXPE$AAVStream@IO@System@@@Z)
decrypter.obj : error LNK2028: unresolved token (0A0001F5) "extern "C" long __cdecl IpcGetSerializedLicenseProperty(struct _IPC_BUFFER const *,unsigned long,struct IPC_KEY_HANDLE__ *,unsigned long,void * *)" (?IpcGetSerializedLicenseProperty@@$$J0YAJPEBU_IPC_BUFFER@@KPEAUIPC_KEY_HANDLE__@@KPEAPEAX@Z) referenced in function "void __clrcall EncryptStream(class System::IO::Stream ^)" (?EncryptStream@@$$FYMXPE$AAVStream@IO@System@@@Z)
decrypter.obj : error LNK2028: unresolved token (0A0001F6) "extern "C" long __cdecl IpcGetKey(struct _IPC_BUFFER const *,unsigned long,struct _IPC_PROMPT_CTX const *,void *,struct IPC_KEY_HANDLE__ * *)" (?IpcGetKey@@$$J0YAJPEBU_IPC_BUFFER@@KPEBU_IPC_PROMPT_CTX@@PEAXPEAPEAUIPC_KEY_HANDLE__@@@Z) referenced in function "void __clrcall EncryptStream(class System::IO::Stream ^)" (?EncryptStream@@$$FYMXPE$AAVStream@IO@System@@@Z)
decrypter.obj : error LNK2019: unresolved external symbol "extern "C" long __cdecl IpcGetKeyProperty(struct IPC_KEY_HANDLE__ *,unsigned long,void *,void * *)" (?IpcGetKeyProperty@@$$J0YAJPEAUIPC_KEY_HANDLE__@@KPEAXPEAPEAX@Z) referenced in function "void __clrcall readDecryptedContent(class System::IO::Stream ^)" (?readDecryptedContent@@$$FYMXPE$AAVStream@IO@System@@@Z)
decrypter.obj : error LNK2019: unresolved external symbol "extern "C" long __cdecl IpcEncrypt(struct IPC_KEY_HANDLE__ *,unsigned long,int,unsigned char *,unsigned long,unsigned char *,unsigned long,unsigned long *)" (?IpcEncrypt@@$$J0YAJPEAUIPC_KEY_HANDLE__@@KHPEAEK1KPEAK@Z) referenced in function "void __clrcall readDecryptedContent(class System::IO::Stream ^)" (?readDecryptedContent@@$$FYMXPE$AAVStream@IO@System@@@Z)
decrypter.obj : error LNK2019: unresolved external symbol "extern "C" void __cdecl IpcFreeMemory(void *)" (?IpcFreeMemory@@$$J0YAXPEAX@Z) referenced in function __catch$?readDecryptedContent@@$$FYMXPE$AAVStream@IO@System@@@Z$0
decrypter.obj : error LNK2019: unresolved external symbol "extern "C" long __cdecl IpcGetKey(struct _IPC_BUFFER const *,unsigned long,struct _IPC_PROMPT_CTX const *,void *,struct IPC_KEY_HANDLE__ * *)" (?IpcGetKey@@$$J0YAJPEBU_IPC_BUFFER@@KPEBU_IPC_PROMPT_CTX@@PEAXPEAPEAUIPC_KEY_HANDLE__@@@Z) referenced in function "void __clrcall EncryptStream(class System::IO::Stream ^)" (?EncryptStream@@$$FYMXPE$AAVStream@IO@System@@@Z)
decrypter.obj : error LNK2019: unresolved external symbol "extern "C" long __cdecl IpcGetSerializedLicenseProperty(struct _IPC_BUFFER const *,unsigned long,struct IPC_KEY_HANDLE__ *,unsigned long,void * *)" (?IpcGetSerializedLicenseProperty@@$$J0YAJPEBU_IPC_BUFFER@@KPEAUIPC_KEY_HANDLE__@@KPEAPEAX@Z) referenced in function "void __clrcall EncryptStream(class System::IO::Stream ^)" (?EncryptStream@@$$FYMXPE$AAVStream@IO@System@@@Z)
decrypter.obj : error LNK2019: unresolved external symbol "extern "C" long __cdecl IpcInitialize(void)" (?IpcInitialize@@$$J0YAJXZ) referenced in function "int __cdecl main(void)" (?main@@$$HYAHXZ)
C:\Program Files\Active Directory Rights Management Services SDK 2.1\lib\msipc.lib : warning LNK4272: library machine type 'X86' conflicts with target machine type 'x64'
C:\Program Files\Active Directory Rights Management Services SDK 2.1\lib\msipc_s.lib : warning LNK4272: library machine type 'X86' conflicts with target machine type 'x64'
C:\Users\Administrator\Desktop\modfication-attack\x64\Debug\decrypter.exe : fatal error LNK1120: 12 unresolved externals
