c:\users\max.mustermann\desktop\dec2\decrypter\decrypter\release\decrypter.pch
c:\users\max.mustermann\desktop\dec2\decrypter\decrypter\release\vc140.pdb
c:\users\max.mustermann\desktop\dec2\decrypter\decrypter\release\stdafx.obj
c:\users\max.mustermann\desktop\dec2\decrypter\decrypter\release\decrypter.obj
c:\users\max.mustermann\desktop\dec2\decrypter\decrypter\release\assemblyinfo.obj
c:\users\max.mustermann\desktop\dec2\decrypter\decrypter\release\.netframework,version=v4.5.2.assemblyattributes.obj
c:\users\max.mustermann\desktop\dec2\decrypter\decrypter\release\.netframework,version=v4.5.2.assemblyattributes.asm
c:\users\max.mustermann\desktop\dec2\decrypter\release\decrypter.exe
c:\users\max.mustermann\desktop\dec2\decrypter\release\decrypter.pdb
c:\users\max.mustermann\desktop\dec2\decrypter\decrypter\release\app.res
\\tsclient\media\decrypter\decrypter\release\decrypter.obj
\\tsclient\media\decrypter\decrypter\release\assemblyinfo.obj
\\tsclient\media\decrypter\decrypter\release\.netframework,version=v4.5.2.assemblyattributes.obj
\\tsclient\media\decrypter\decrypter\release\app.res
\\tsclient\media\decrypter\decrypter\release\decrypter.pch
\\tsclient\media\decrypter\decrypter\release\vc140.pdb
\\tsclient\media\decrypter\release\decrypter.pdb
\\tsclient\media\decrypter\release\decrypter.exe
\\tsclient\media\decrypter\decrypter\release\decrypter.tlog\metagen.read.1.tlog
\\tsclient\media\decrypter\decrypter\release\decrypter.tlog\cl.write.1.tlog
\\tsclient\media\decrypter\decrypter\release\decrypter.tlog\link.command.1.tlog
\\tsclient\media\decrypter\decrypter\release\decrypter.tlog\metagen.write.1.tlog
\\tsclient\media\decrypter\decrypter\release\decrypter.tlog\rc.read.1.tlog
\\tsclient\media\decrypter\decrypter\release\decrypter.tlog\link.write.1.tlog
\\tsclient\media\decrypter\decrypter\release\decrypter.tlog\cl.command.1.tlog
\\tsclient\media\decrypter\decrypter\release\decrypter.tlog\cl.read.1.tlog
\\tsclient\media\decrypter\decrypter\release\decrypter.tlog\rc.command.1.tlog
\\tsclient\media\decrypter\decrypter\release\decrypter.tlog\rc.write.1.tlog
\\tsclient\media\decrypter\decrypter\release\decrypter.tlog\link.read.1.tlog
\\tsclient\media\decrypter\decrypter\release\decrypter.tlog\rsaenh.dll.bi
\\tsclient\media\decrypter\decrypter\release\decrypter.tlog\tzres.dll.bi
