c:\users\max.mustermann\desktop\visual-studio-projects\modfication-attack\decrypter\debug\manipulation-attack.pch
c:\users\max.mustermann\desktop\visual-studio-projects\modfication-attack\decrypter\debug\vc140.pdb
c:\users\max.mustermann\desktop\visual-studio-projects\modfication-attack\decrypter\debug\assemblyinfo.obj
c:\users\max.mustermann\desktop\visual-studio-projects\modfication-attack\decrypter\debug\manipulation-attack.obj
c:\users\max.mustermann\desktop\visual-studio-projects\modfication-attack\decrypter\debug\stdafx.obj
c:\users\max.mustermann\desktop\visual-studio-projects\modfication-attack\decrypter\debug\.netframework,version=v4.5.2.assemblyattributes.obj
c:\users\max.mustermann\desktop\visual-studio-projects\modfication-attack\decrypter\debug\.netframework,version=v4.5.2.assemblyattributes.asm
c:\users\max.mustermann\source\repos\ms-rms-attacks\modfication-attack\decrypter\debug\manipulation-attack.pch
c:\users\max.mustermann\source\repos\ms-rms-attacks\modfication-attack\decrypter\debug\vc140.pdb
c:\users\max.mustermann\source\repos\ms-rms-attacks\modfication-attack\decrypter\debug\assemblyinfo.obj
c:\users\max.mustermann\source\repos\ms-rms-attacks\modfication-attack\decrypter\debug\manipulation-attack.obj
c:\users\max.mustermann\source\repos\ms-rms-attacks\modfication-attack\decrypter\debug\stdafx.obj
c:\users\max.mustermann\desktop\visual-studio-projects\modfication-attack\debug\manipulation-attack.exe
c:\users\max.mustermann\desktop\visual-studio-projects\modfication-attack\debug\manipulation-attack.pdb
c:\users\max.mustermann\source\repos\ms-rms-attacks\modfication-attack\debug\manipulation-attack.exe
c:\users\max.mustermann\source\repos\ms-rms-attacks\modfication-attack\debug\manipulation-attack.pdb
c:\users\max.mustermann\desktop\visual-studio-projects\modfication-attack\decrypter\debug\app.res
c:\users\max.mustermann\source\repos\ms-rms-attacks\modfication-attack\decrypter\debug\app.res
c:\users\max.mustermann\source\repos\ms-rms-attacks\modfication-attack\decrypter\debug\decrypter.vcxprojresolveassemblyreference.cache
c:\users\max.mustermann\source\repos\ms-rms-attacks\modfication-attack\decrypter\debug\.netframework,version=v4.5.2.assemblyattributes.obj
c:\users\max.mustermann\source\repos\ms-rms-attacks\modfication-attack\decrypter\debug\manipula.b076ff48.tlog\cl.command.1.tlog
c:\users\max.mustermann\source\repos\ms-rms-attacks\modfication-attack\decrypter\debug\manipula.b076ff48.tlog\cl.read.1.tlog
c:\users\max.mustermann\source\repos\ms-rms-attacks\modfication-attack\decrypter\debug\manipula.b076ff48.tlog\cl.write.1.tlog
c:\users\max.mustermann\source\repos\ms-rms-attacks\modfication-attack\decrypter\debug\manipula.b076ff48.tlog\link.command.1.tlog
c:\users\max.mustermann\source\repos\ms-rms-attacks\modfication-attack\decrypter\debug\manipula.b076ff48.tlog\link.read.1.tlog
c:\users\max.mustermann\source\repos\ms-rms-attacks\modfication-attack\decrypter\debug\manipula.b076ff48.tlog\link.write.1.tlog
c:\users\max.mustermann\source\repos\ms-rms-attacks\modfication-attack\decrypter\debug\manipula.b076ff48.tlog\metagen.read.1.tlog
c:\users\max.mustermann\source\repos\ms-rms-attacks\modfication-attack\decrypter\debug\manipula.b076ff48.tlog\metagen.write.1.tlog
c:\users\max.mustermann\source\repos\ms-rms-attacks\modfication-attack\decrypter\debug\manipula.b076ff48.tlog\rc.command.1.tlog
c:\users\max.mustermann\source\repos\ms-rms-attacks\modfication-attack\decrypter\debug\manipula.b076ff48.tlog\rc.read.1.tlog
c:\users\max.mustermann\source\repos\ms-rms-attacks\modfication-attack\decrypter\debug\manipula.b076ff48.tlog\rc.write.1.tlog
c:\users\max.mustermann\source\repos\ms-rms-attacks\modfication-attack\decrypter\debug\manipula.b076ff48.tlog\rsaenh.dll.bi
c:\users\max.mustermann\source\repos\ms-rms-attacks\modfication-attack\decrypter\debug\manipula.b076ff48.tlog\tzres.dll.bi
