c:\users\administrator\desktop\modfication-attack\decrypter\release\decrypter.pch
c:\users\administrator\desktop\modfication-attack\decrypter\release\vc140.pdb
c:\users\administrator\desktop\modfication-attack\decrypter\release\stdafx.obj
c:\users\administrator\desktop\modfication-attack\decrypter\release\decrypter.obj
c:\users\administrator\desktop\modfication-attack\decrypter\release\assemblyinfo.obj
c:\users\administrator\desktop\modfication-attack\decrypter\release\.netframework,version=v4.5.2.assemblyattributes.obj
c:\users\administrator\desktop\modfication-attack\decrypter\release\.netframework,version=v4.5.2.assemblyattributes.asm
c:\users\administrator\desktop\modfication-attack\release\decrypter.exe
c:\users\administrator\desktop\modfication-attack\release\decrypter.pdb
c:\users\administrator\desktop\modfication-attack\decrypter\release\app.res
c:\users\administrator\desktop\modfication-attack\decrypter\release\decrypter.vcxprojresolveassemblyreference.cache
c:\users\administrator\desktop\modfication-attack\decrypter\release\decrypter.tlog\cl.command.1.tlog
c:\users\administrator\desktop\modfication-attack\decrypter\release\decrypter.tlog\cl.read.1.tlog
c:\users\administrator\desktop\modfication-attack\decrypter\release\decrypter.tlog\cl.write.1.tlog
c:\users\administrator\desktop\modfication-attack\decrypter\release\decrypter.tlog\link.command.1.tlog
c:\users\administrator\desktop\modfication-attack\decrypter\release\decrypter.tlog\link.read.1.tlog
c:\users\administrator\desktop\modfication-attack\decrypter\release\decrypter.tlog\link.write.1.tlog
c:\users\administrator\desktop\modfication-attack\decrypter\release\decrypter.tlog\metagen.read.1.tlog
c:\users\administrator\desktop\modfication-attack\decrypter\release\decrypter.tlog\metagen.write.1.tlog
c:\users\administrator\desktop\modfication-attack\decrypter\release\decrypter.tlog\rc.command.1.tlog
c:\users\administrator\desktop\modfication-attack\decrypter\release\decrypter.tlog\rc.read.1.tlog
c:\users\administrator\desktop\modfication-attack\decrypter\release\decrypter.tlog\rc.write.1.tlog
c:\users\administrator\desktop\modfication-attack\decrypter\release\decrypter.tlog\rsaenh.dll.bi
c:\users\administrator\desktop\modfication-attack\decrypter\release\decrypter.tlog\tzres.dll.bi
