c:\users\max.mustermann\desktop\dec2\decrypter\decrypter\debug\vc140.pdb
c:\users\max.mustermann\desktop\dec2\decrypter\decrypter\debug\.netframework,version=v4.5.2.assemblyattributes.obj
c:\users\max.mustermann\desktop\dec2\decrypter\decrypter\debug\.netframework,version=v4.5.2.assemblyattributes.asm
c:\users\max.mustermann\desktop\dec2\decrypter\decrypter\debug\decrypter.pch
c:\users\max.mustermann\desktop\dec2\decrypter\decrypter\debug\stdafx.obj
c:\users\max.mustermann\desktop\dec2\decrypter\decrypter\debug\decrypter.obj
c:\users\max.mustermann\desktop\dec2\decrypter\decrypter\debug\assemblyinfo.obj
c:\users\max.mustermann\desktop\dec2\decrypter\debug\decrypter.exe
c:\users\max.mustermann\desktop\dec2\decrypter\debug\decrypter.pdb
c:\users\max.mustermann\desktop\dec2\decrypter\decrypter\debug\app.res
\\tsclient\media\decrypter\decrypter\debug\decrypter.vcxprojresolveassemblyreference.cache
\\tsclient\media\decrypter\decrypter\debug\decrypter.obj
\\tsclient\media\decrypter\decrypter\debug\.netframework,version=v4.5.2.assemblyattributes.obj
\\tsclient\media\decrypter\decrypter\debug\app.res
\\tsclient\media\decrypter\decrypter\debug\decrypter.pch
\\tsclient\media\decrypter\decrypter\debug\vc140.pdb
\\tsclient\media\decrypter\debug\decrypter.pdb
\\tsclient\media\decrypter\debug\decrypter.exe
\\tsclient\media\decrypter\decrypter\debug\decrypter.tlog\metagen.read.1.tlog
\\tsclient\media\decrypter\decrypter\debug\decrypter.tlog\cl.write.1.tlog
\\tsclient\media\decrypter\decrypter\debug\decrypter.tlog\link.command.1.tlog
\\tsclient\media\decrypter\decrypter\debug\decrypter.tlog\metagen.write.1.tlog
\\tsclient\media\decrypter\decrypter\debug\decrypter.tlog\rc.read.1.tlog
\\tsclient\media\decrypter\decrypter\debug\decrypter.tlog\link.write.1.tlog
\\tsclient\media\decrypter\decrypter\debug\decrypter.tlog\cl.command.1.tlog
\\tsclient\media\decrypter\decrypter\debug\decrypter.tlog\cl.read.1.tlog
\\tsclient\media\decrypter\decrypter\debug\decrypter.tlog\rc.command.1.tlog
\\tsclient\media\decrypter\decrypter\debug\decrypter.tlog\rc.write.1.tlog
\\tsclient\media\decrypter\decrypter\debug\decrypter.tlog\link.read.1.tlog
\\tsclient\media\decrypter\decrypter\debug\decrypter.tlog\rsaenh.dll.bi
\\tsclient\media\decrypter\decrypter\debug\decrypter.tlog\tzres.dll.bi
